<?xml version="1.0" encoding="UTF-8"?>
<!-- Generated by org.testng.reporters.JUnitReportReporter -->
<testsuite hostname="SOUMYA" failures="0" tests="2" name="testCase.RunTestCase" time="14.305" errors="0" timestamp="2023-06-19T12:49:07 IST" skipped="0">
  <testcase classname="testCase.RunTestCase" name="login" time="0.901"/>
  <testcase classname="testCase.RunTestCase" name="homePage" time="13.404"/>
</testsuite> <!-- testCase.RunTestCase -->
