<?xml version="1.0" encoding="UTF-8"?>
<!-- Generated by org.testng.reporters.JUnitReportReporter -->
<testsuite hostname="SOUMYA" failures="0" tests="2" name="testCase.RunTestCase" time="14.989" errors="0" timestamp="2023-06-19T14:45:57 IST" skipped="0">
  <testcase classname="testCase.RunTestCase" name="login" time="0.900"/>
  <testcase classname="testCase.RunTestCase" name="homePage" time="14.089"/>
</testsuite> <!-- testCase.RunTestCase -->
